<?xml version="1.0" encoding="UTF-8"?>
<!-- Generated by org.testng.reporters.JUnitXMLReporter -->
<testsuite ignored="0" hostname="LAPTOP-V4U774QS" failures="0" tests="12" name="Test" time="27.159" errors="0" timestamp="03 Jul 2021 09:21:50 GMT">
  <testcase classname="demo1.login" name="openSite" time="2.986"/>
  <testcase classname="demo3.gym" name="openSite" time="2.659"/>
  <testcase classname="demo2.freelisting" name="openSite" time="2.582"/>
  <testcase classname="demo1.login" name="searchTextboxAndRemoveAd" time="2.336"/>
  <testcase classname="demo3.gym" name="selectFitnessOption" time="0.872"/>
  <testcase classname="demo2.freelisting" name="openFreeListing" time="1.195"/>
  <testcase classname="demo1.login" name="findBestDeal" time="1.175"/>
  <testcase classname="demo3.gym" name="selectGymOption" time="0.917"/>
  <testcase classname="demo2.freelisting" name="closeDriver" time="4.108"/>
  <testcase classname="demo1.login" name="closeDriver" time="4.132"/>
  <testcase classname="demo3.gym" name="printAllOptions" time="0.058"/>
  <testcase classname="demo3.gym" name="Closebrowser" time="4.121"/>
</testsuite> <!-- Test -->
