<?xml version="1.0" encoding="UTF-8"?>
<!-- Generated by org.testng.reporters.JUnitXMLReporter -->
<testsuite ignored="0" hostname="LAPTOP-V4U774QS" failures="0" tests="3" name="Default test" time="8.533" errors="0" timestamp="03 Jul 2021 07:09:05 GMT">
  <testcase classname="demo2.freelisting" name="openSite" time="3.167"/>
  <testcase classname="demo2.freelisting" name="openFreeListing" time="1.182"/>
  <testcase classname="demo2.freelisting" name="closeDriver" time="4.153"/>
</testsuite> <!-- Default test -->
