<?xml version="1.0" encoding="UTF-8"?>
<!-- Generated by org.testng.reporters.JUnitXMLReporter -->
<testsuite ignored="0" hostname="LAPTOP-V4U774QS" failures="0" tests="12" name="Test" time="27.055" errors="0" timestamp="03 Jul 2021 09:49:18 GMT">
  <testcase classname="demo1.login" name="openSite" time="3.487"/>
  <testcase classname="demo3.gym" name="openSite" time="2.566"/>
  <testcase classname="demo2.freelisting" name="openSite" time="2.575"/>
  <testcase classname="demo1.login" name="searchTextboxAndRemoveAd" time="1.955"/>
  <testcase classname="demo3.gym" name="selectFitnessOption" time="0.937"/>
  <testcase classname="demo2.freelisting" name="openFreeListing" time="1.125"/>
  <testcase classname="demo1.login" name="findBestDeal" time="1.132"/>
  <testcase classname="demo3.gym" name="selectGymOption" time="0.853"/>
  <testcase classname="demo2.freelisting" name="closeDriver" time="4.129"/>
  <testcase classname="demo1.login" name="closeDriver" time="4.127"/>
  <testcase classname="demo3.gym" name="printAllOptions" time="0.054"/>
  <testcase classname="demo3.gym" name="Closebrowser" time="4.085"/>
</testsuite> <!-- Test -->
