<?xml version="1.0" encoding="UTF-8"?>
<testng-results ignored="0" total="12" passed="12" failed="0" skipped="0">
  <reporter-output>
  </reporter-output>
  <suite started-at="2021-07-03T09:48:51Z" name="Justdialdemo" finished-at="2021-07-03T09:49:18Z" duration-ms="27055">
    <groups>
    </groups>
    <test started-at="2021-07-03T09:48:51Z" name="Test" finished-at="2021-07-03T09:49:18Z" duration-ms="27055">
      <class name="demo1.login">
        <test-method signature="openSite()[pri:0, instance:demo1.login@181e731e]" started-at="2021-07-03T09:48:51Z" name="openSite" finished-at="2021-07-03T09:48:55Z" duration-ms="3487" status="PASS">
          <reporter-output>
          </reporter-output>
        </test-method> <!-- openSite -->
        <test-method signature="searchTextboxAndRemoveAd()[pri:1, instance:demo1.login@181e731e]" started-at="2021-07-03T09:49:00Z" name="searchTextboxAndRemoveAd" finished-at="2021-07-03T09:49:02Z" duration-ms="1955" status="PASS">
          <reporter-output>
          </reporter-output>
        </test-method> <!-- searchTextboxAndRemoveAd -->
        <test-method signature="findBestDeal()[pri:2, instance:demo1.login@181e731e]" started-at="2021-07-03T09:49:04Z" name="findBestDeal" finished-at="2021-07-03T09:49:05Z" duration-ms="1132" status="PASS">
          <reporter-output>
          </reporter-output>
        </test-method> <!-- findBestDeal -->
        <test-method signature="closeDriver()[pri:3, instance:demo1.login@181e731e]" started-at="2021-07-03T09:49:10Z" name="closeDriver" finished-at="2021-07-03T09:49:14Z" duration-ms="4127" status="PASS">
          <reporter-output>
          </reporter-output>
        </test-method> <!-- closeDriver -->
      </class> <!-- demo1.login -->
      <class name="demo3.gym">
        <test-method signature="openSite()[pri:0, instance:demo3.gym@35645047]" started-at="2021-07-03T09:48:55Z" name="openSite" finished-at="2021-07-03T09:48:57Z" duration-ms="2566" status="PASS">
          <reporter-output>
          </reporter-output>
        </test-method> <!-- openSite -->
        <test-method signature="selectFitnessOption()[pri:1, instance:demo3.gym@35645047]" started-at="2021-07-03T09:49:02Z" name="selectFitnessOption" finished-at="2021-07-03T09:49:03Z" duration-ms="937" status="PASS">
          <reporter-output>
          </reporter-output>
        </test-method> <!-- selectFitnessOption -->
        <test-method signature="selectGymOption()[pri:2, instance:demo3.gym@35645047]" started-at="2021-07-03T09:49:05Z" name="selectGymOption" finished-at="2021-07-03T09:49:06Z" duration-ms="853" status="PASS">
          <reporter-output>
          </reporter-output>
        </test-method> <!-- selectGymOption -->
        <test-method signature="printAllOptions()[pri:3, instance:demo3.gym@35645047]" started-at="2021-07-03T09:49:14Z" name="printAllOptions" finished-at="2021-07-03T09:49:14Z" duration-ms="54" status="PASS">
          <reporter-output>
          </reporter-output>
        </test-method> <!-- printAllOptions -->
        <test-method signature="Closebrowser()[pri:4, instance:demo3.gym@35645047]" started-at="2021-07-03T09:49:14Z" name="Closebrowser" finished-at="2021-07-03T09:49:18Z" duration-ms="4085" status="PASS">
          <reporter-output>
          </reporter-output>
        </test-method> <!-- Closebrowser -->
      </class> <!-- demo3.gym -->
      <class name="demo2.freelisting">
        <test-method signature="openSite()[pri:0, instance:demo2.freelisting@6f44a157]" started-at="2021-07-03T09:48:57Z" name="openSite" finished-at="2021-07-03T09:49:00Z" duration-ms="2575" status="PASS">
          <reporter-output>
          </reporter-output>
        </test-method> <!-- openSite -->
        <test-method signature="openFreeListing()[pri:1, instance:demo2.freelisting@6f44a157]" started-at="2021-07-03T09:49:03Z" name="openFreeListing" finished-at="2021-07-03T09:49:04Z" duration-ms="1125" status="PASS">
          <reporter-output>
          </reporter-output>
        </test-method> <!-- openFreeListing -->
        <test-method signature="closeDriver()[pri:2, instance:demo2.freelisting@6f44a157]" started-at="2021-07-03T09:49:06Z" name="closeDriver" finished-at="2021-07-03T09:49:10Z" duration-ms="4129" status="PASS">
          <reporter-output>
          </reporter-output>
        </test-method> <!-- closeDriver -->
      </class> <!-- demo2.freelisting -->
    </test> <!-- Test -->
  </suite> <!-- Justdialdemo -->
</testng-results>
